<?xml version="1.0" encoding="UTF-8"?>
<testng-results ignored="0" total="1" passed="1" failed="0" skipped="0">
  <reporter-output>
  </reporter-output>
  <suite started-at="2021-12-31T09:36:31 IST" name="Default suite" finished-at="2021-12-31T09:36:44 IST" duration-ms="12949">
    <groups>
    </groups>
    <test started-at="2021-12-31T09:36:31 IST" name="Default test" finished-at="2021-12-31T09:36:44 IST" duration-ms="12949">
      <class name="com.banking.app.test.TestClass">
        <test-method signature="firstTest()[pri:0, instance:com.banking.app.test.TestClass@355ce81c]" started-at="2021-12-31T09:36:31 IST" name="firstTest" finished-at="2021-12-31T09:36:44 IST" duration-ms="12885" status="PASS">
          <reporter-output>
          </reporter-output>
        </test-method> <!-- firstTest -->
      </class> <!-- com.banking.app.test.TestClass -->
    </test> <!-- Default test -->
  </suite> <!-- Default suite -->
</testng-results>
